<?xml version="1.0" encoding="UTF-8"?>
<testsuites>
  <testsuite name="/var/www/web/vijoyas/tests/" tests="4" assertions="8" failures="0" errors="0" time="0.010214">
    <testsuite name="coleccionesTest" file="/var/www/web/vijoyas/tests/application/modules/frontend/controller/coleccionesTest.php" tests="1" assertions="5" failures="0" errors="0" time="0.003427">
      <testcase name="testPushAndPop" class="coleccionesTest" file="/var/www/web/vijoyas/tests/application/modules/frontend/controller/coleccionesTest.php" line="5" assertions="5" time="0.003427"/>
    </testsuite>
    <testsuite name="ApplicationTest" file="/var/www/web/vijoyas/tests/library/Core/ApplicationTest.php" tests="3" assertions="3" failures="0" errors="0" time="0.006787">
      <testcase name="testConstructor" class="ApplicationTest" file="/var/www/web/vijoyas/tests/library/Core/ApplicationTest.php" line="18" assertions="1" time="0.002021"/>
      <testcase name="testInit" class="ApplicationTest" file="/var/www/web/vijoyas/tests/library/Core/ApplicationTest.php" line="23" assertions="1" time="0.002688"/>
      <testcase name="testStart" class="ApplicationTest" file="/var/www/web/vijoyas/tests/library/Core/ApplicationTest.php" line="28" assertions="1" time="0.002078"/>
    </testsuite>
  </testsuite>
</testsuites>
